

================================================================
== Vivado HLS Report for 'envelope'
================================================================
* Date:           Thu Apr 25 13:38:31 2019

* Version:        2017.2 (Build 1909853 on Thu Jun 15 18:55:24 MDT 2017)
* Project:        Envelope_RTL
* Solution:       solution1
* Product family: zynq
* Target device:  xc7z100ffg900-1


================================================================
== Performance Estimates
================================================================
+ Timing (ns): 
    * Summary: 
    +--------+-------+----------+------------+
    |  Clock | Target| Estimated| Uncertainty|
    +--------+-------+----------+------------+
    |ap_clk  |  10.00|      7.77|        1.25|
    +--------+-------+----------+------------+

+ Latency (clock cycles): 
    * Summary: 
    +-----+-----+-----+-----+---------+
    |  Latency  |  Interval | Pipeline|
    | min | max | min | max |   Type  |
    +-----+-----+-----+-----+---------+
    |   26|   88|   27|   89|   none  |
    +-----+-----+-----+-----+---------+

    + Detail: 
        * Instance: 
        N/A

        * Loop: 
        N/A

============================================================
+ Verbose Summary: Synthesis Manager
============================================================
InlineROM: 1
ExposeGlobal: 0
============================================================
+ Verbose Summary: CDFG Model
============================================================
IsTopModel: 1
ResetActiveHigh: 1
IsCombinational: 0
IsDatapathOnly: 0
HasWiredReturn: 1
HasMFsm: 0
HasVarLatency: 1
IsPipeline: 0
IsRtlPipelined: 0
IsInstanceOverlapped: 0
IsDontTouch: 0
HasImplIP: 0
IsGatedGlobalClock: 0


============================================================
+ Verbose Summary: Schedule
============================================================
* Number of FSM states: 89
* Pipeline: 0
* Dataflow Pipeline: 0

* FSM state transitions: 
1 --> 
	2  / (!guard_variable_for_e)
	22  / (guard_variable_for_e)
2 --> 
	3  / true
3 --> 
	4  / true
4 --> 
	5  / true
5 --> 
	6  / true
6 --> 
	7  / true
7 --> 
	8  / true
8 --> 
	9  / true
9 --> 
	10  / true
10 --> 
	11  / true
11 --> 
	12  / true
12 --> 
	13  / true
13 --> 
	14  / true
14 --> 
	15  / true
15 --> 
	16  / true
16 --> 
	17  / true
17 --> 
	18  / true
18 --> 
	19  / true
19 --> 
	20  / true
20 --> 
	21  / true
21 --> 
	22  / true
22 --> 
	23  / (!guard_variable_for_e_1)
	44  / (guard_variable_for_e_1)
23 --> 
	24  / true
24 --> 
	25  / true
25 --> 
	26  / true
26 --> 
	27  / true
27 --> 
	28  / true
28 --> 
	29  / true
29 --> 
	30  / true
30 --> 
	31  / true
31 --> 
	32  / true
32 --> 
	33  / true
33 --> 
	34  / true
34 --> 
	35  / true
35 --> 
	36  / true
36 --> 
	37  / true
37 --> 
	38  / true
38 --> 
	39  / true
39 --> 
	40  / true
40 --> 
	41  / true
41 --> 
	42  / true
42 --> 
	43  / true
43 --> 
	44  / true
44 --> 
	45  / (!guard_variable_for_e_2)
	66  / (guard_variable_for_e_2)
45 --> 
	46  / true
46 --> 
	47  / true
47 --> 
	48  / true
48 --> 
	49  / true
49 --> 
	50  / true
50 --> 
	51  / true
51 --> 
	52  / true
52 --> 
	53  / true
53 --> 
	54  / true
54 --> 
	55  / true
55 --> 
	56  / true
56 --> 
	57  / true
57 --> 
	58  / true
58 --> 
	59  / true
59 --> 
	60  / true
60 --> 
	61  / true
61 --> 
	62  / true
62 --> 
	63  / true
63 --> 
	64  / true
64 --> 
	65  / true
65 --> 
	66  / true
66 --> 
	67  / true
67 --> 
	68  / true
68 --> 
	69  / true
69 --> 
	70  / true
70 --> 
	71  / true
71 --> 
	72  / true
72 --> 
	73  / true
73 --> 
	74  / true
74 --> 
	75  / true
75 --> 
	76  / true
76 --> 
	77  / true
77 --> 
	78  / true
78 --> 
	79  / true
79 --> 
	80  / true
80 --> 
	81  / true
81 --> 
	82  / true
82 --> 
	83  / true
83 --> 
	84  / true
84 --> 
	85  / true
85 --> 
	86  / true
86 --> 
	87  / true
87 --> 
	88  / true
88 --> 
	89  / true
89 --> 
* FSM state operations: 

 <State 1>: 7.41ns
ST_1: StgValue_90 (21)  [1/1] 0.00ns
:0  call void (...)* @_ssdm_op_SpecBitsMap(float* %wave_in_V), !map !20

ST_1: StgValue_91 (22)  [1/1] 0.00ns
:1  call void (...)* @_ssdm_op_SpecBitsMap(float* %wave_out_V), !map !26

ST_1: StgValue_92 (23)  [1/1] 0.00ns
:2  call void (...)* @_ssdm_op_SpecBitsMap(i32 %press), !map !30

ST_1: StgValue_93 (24)  [1/1] 0.00ns
:3  call void (...)* @_ssdm_op_SpecBitsMap(i32 %attackDuration), !map !36

ST_1: StgValue_94 (25)  [1/1] 0.00ns
:4  call void (...)* @_ssdm_op_SpecBitsMap(i32 %decayDuration), !map !40

ST_1: StgValue_95 (26)  [1/1] 0.00ns
:5  call void (...)* @_ssdm_op_SpecBitsMap(i32 %sustainAmplitude), !map !44

ST_1: StgValue_96 (27)  [1/1] 0.00ns
:6  call void (...)* @_ssdm_op_SpecBitsMap(i32 %sustainDuration), !map !48

ST_1: StgValue_97 (28)  [1/1] 0.00ns
:7  call void (...)* @_ssdm_op_SpecBitsMap(i32 %releaseDuration), !map !52

ST_1: StgValue_98 (29)  [1/1] 0.00ns
:8  call void (...)* @_ssdm_op_SpecTopModule([9 x i8]* @envelope_str) nounwind

ST_1: releaseDuration_read (30)  [1/1] 1.00ns
:9  %releaseDuration_read = call i32 @_ssdm_op_Read.s_axilite.i32(i32 %releaseDuration)

ST_1: sustainDuration_read (31)  [1/1] 1.00ns
:10  %sustainDuration_read = call i32 @_ssdm_op_Read.s_axilite.i32(i32 %sustainDuration)

ST_1: sustainAmplitude_rea (32)  [1/1] 1.00ns
:11  %sustainAmplitude_rea = call i32 @_ssdm_op_Read.s_axilite.i32(i32 %sustainAmplitude)

ST_1: decayDuration_read (33)  [1/1] 1.00ns
:12  %decayDuration_read = call i32 @_ssdm_op_Read.s_axilite.i32(i32 %decayDuration)

ST_1: attackDuration_read (34)  [1/1] 1.00ns
:13  %attackDuration_read = call i32 @_ssdm_op_Read.s_axilite.i32(i32 %attackDuration)

ST_1: press_read (35)  [1/1] 1.00ns
:14  %press_read = call i32 @_ssdm_op_Read.s_axilite.i32(i32 %press)

ST_1: StgValue_105 (36)  [1/1] 0.00ns  loc: src/Envelope.cpp:22
:15  call void (...)* @_ssdm_op_SpecInterface(i32 0, [13 x i8]* @p_str1, i32 0, i32 0, [1 x i8]* @p_str, i32 0, i32 0, [1 x i8]* @p_str, [1 x i8]* @p_str, [1 x i8]* @p_str, i32 0, i32 0, i32 0, i32 0, [1 x i8]* @p_str, [1 x i8]* @p_str) nounwind

ST_1: StgValue_106 (37)  [1/1] 0.00ns  loc: src/Envelope.cpp:24
:16  call void (...)* @_ssdm_op_SpecInterface(float* %wave_in_V, [5 x i8]* @p_str2, i32 1, i32 1, [5 x i8]* @p_str3, i32 0, i32 0, [1 x i8]* @p_str, [1 x i8]* @p_str, [1 x i8]* @p_str, i32 0, i32 0, i32 0, i32 0, [1 x i8]* @p_str, [1 x i8]* @p_str) nounwind

ST_1: StgValue_107 (38)  [1/1] 0.00ns  loc: src/Envelope.cpp:25
:17  call void (...)* @_ssdm_op_SpecInterface(float* %wave_out_V, [5 x i8]* @p_str2, i32 1, i32 1, [5 x i8]* @p_str3, i32 0, i32 0, [1 x i8]* @p_str, [1 x i8]* @p_str, [1 x i8]* @p_str, i32 0, i32 0, i32 0, i32 0, [1 x i8]* @p_str, [1 x i8]* @p_str) nounwind

ST_1: StgValue_108 (39)  [1/1] 0.00ns  loc: src/Envelope.cpp:27
:18  call void (...)* @_ssdm_op_SpecInterface(i32 %press, [10 x i8]* @p_str4, i32 0, i32 0, [1 x i8]* @p_str, i32 0, i32 0, [9 x i8]* @p_str5, [1 x i8]* @p_str, [1 x i8]* @p_str, i32 0, i32 0, i32 0, i32 0, [1 x i8]* @p_str, [1 x i8]* @p_str) nounwind

ST_1: StgValue_109 (40)  [1/1] 0.00ns  loc: src/Envelope.cpp:28
:19  call void (...)* @_ssdm_op_SpecInterface(i32 %attackDuration, [10 x i8]* @p_str4, i32 0, i32 0, [1 x i8]* @p_str, i32 0, i32 0, [9 x i8]* @p_str5, [1 x i8]* @p_str, [1 x i8]* @p_str, i32 0, i32 0, i32 0, i32 0, [1 x i8]* @p_str, [1 x i8]* @p_str) nounwind

ST_1: StgValue_110 (41)  [1/1] 0.00ns  loc: src/Envelope.cpp:29
:20  call void (...)* @_ssdm_op_SpecInterface(i32 %decayDuration, [10 x i8]* @p_str4, i32 0, i32 0, [1 x i8]* @p_str, i32 0, i32 0, [9 x i8]* @p_str5, [1 x i8]* @p_str, [1 x i8]* @p_str, i32 0, i32 0, i32 0, i32 0, [1 x i8]* @p_str, [1 x i8]* @p_str) nounwind

ST_1: StgValue_111 (42)  [1/1] 0.00ns  loc: src/Envelope.cpp:30
:21  call void (...)* @_ssdm_op_SpecInterface(i32 %sustainAmplitude, [10 x i8]* @p_str4, i32 0, i32 0, [1 x i8]* @p_str, i32 0, i32 0, [9 x i8]* @p_str5, [1 x i8]* @p_str, [1 x i8]* @p_str, i32 0, i32 0, i32 0, i32 0, [1 x i8]* @p_str, [1 x i8]* @p_str) nounwind

ST_1: StgValue_112 (43)  [1/1] 0.00ns  loc: src/Envelope.cpp:31
:22  call void (...)* @_ssdm_op_SpecInterface(i32 %sustainDuration, [10 x i8]* @p_str4, i32 0, i32 0, [1 x i8]* @p_str, i32 0, i32 0, [9 x i8]* @p_str5, [1 x i8]* @p_str, [1 x i8]* @p_str, i32 0, i32 0, i32 0, i32 0, [1 x i8]* @p_str, [1 x i8]* @p_str) nounwind

ST_1: StgValue_113 (44)  [1/1] 0.00ns  loc: src/Envelope.cpp:32
:23  call void (...)* @_ssdm_op_SpecInterface(i32 %releaseDuration, [10 x i8]* @p_str4, i32 0, i32 0, [1 x i8]* @p_str, i32 0, i32 0, [9 x i8]* @p_str5, [1 x i8]* @p_str, [1 x i8]* @p_str, i32 0, i32 0, i32 0, i32 0, [1 x i8]* @p_str, [1 x i8]* @p_str) nounwind

ST_1: guard_variable_for_e (45)  [1/1] 0.00ns
:24  %guard_variable_for_e = load i1* @guard_variable_for_e_4, align 1

ST_1: StgValue_115 (46)  [1/1] 0.00ns  loc: src/Envelope.cpp:35
:25  br i1 %guard_variable_for_e, label %._crit_edge, label %codeRepl1

ST_1: tmp_1_i (48)  [6/6] 6.41ns  loc: src/Envelope.cpp:35
codeRepl1:0  %tmp_1_i = sitofp i32 %attackDuration_read to float

ST_1: StgValue_117 (51)  [1/1] 0.00ns  loc: src/Envelope.cpp:35
codeRepl1:3  store i1 true, i1* @guard_variable_for_e_4, align 1


 <State 2>: 6.41ns
ST_2: tmp_1_i (48)  [5/6] 6.41ns  loc: src/Envelope.cpp:35
codeRepl1:0  %tmp_1_i = sitofp i32 %attackDuration_read to float


 <State 3>: 6.41ns
ST_3: tmp_1_i (48)  [4/6] 6.41ns  loc: src/Envelope.cpp:35
codeRepl1:0  %tmp_1_i = sitofp i32 %attackDuration_read to float


 <State 4>: 6.41ns
ST_4: tmp_1_i (48)  [3/6] 6.41ns  loc: src/Envelope.cpp:35
codeRepl1:0  %tmp_1_i = sitofp i32 %attackDuration_read to float


 <State 5>: 6.41ns
ST_5: tmp_1_i (48)  [2/6] 6.41ns  loc: src/Envelope.cpp:35
codeRepl1:0  %tmp_1_i = sitofp i32 %attackDuration_read to float


 <State 6>: 6.41ns
ST_6: tmp_1_i (48)  [1/6] 6.41ns  loc: src/Envelope.cpp:35
codeRepl1:0  %tmp_1_i = sitofp i32 %attackDuration_read to float


 <State 7>: 6.08ns
ST_7: tmp_2_i (49)  [16/16] 6.08ns  loc: src/Envelope.cpp:35
codeRepl1:1  %tmp_2_i = fdiv float 2.000000e+00, %tmp_1_i


 <State 8>: 6.08ns
ST_8: tmp_2_i (49)  [15/16] 6.08ns  loc: src/Envelope.cpp:35
codeRepl1:1  %tmp_2_i = fdiv float 2.000000e+00, %tmp_1_i


 <State 9>: 6.08ns
ST_9: tmp_2_i (49)  [14/16] 6.08ns  loc: src/Envelope.cpp:35
codeRepl1:1  %tmp_2_i = fdiv float 2.000000e+00, %tmp_1_i


 <State 10>: 6.08ns
ST_10: tmp_2_i (49)  [13/16] 6.08ns  loc: src/Envelope.cpp:35
codeRepl1:1  %tmp_2_i = fdiv float 2.000000e+00, %tmp_1_i


 <State 11>: 6.08ns
ST_11: tmp_2_i (49)  [12/16] 6.08ns  loc: src/Envelope.cpp:35
codeRepl1:1  %tmp_2_i = fdiv float 2.000000e+00, %tmp_1_i


 <State 12>: 6.08ns
ST_12: tmp_2_i (49)  [11/16] 6.08ns  loc: src/Envelope.cpp:35
codeRepl1:1  %tmp_2_i = fdiv float 2.000000e+00, %tmp_1_i


 <State 13>: 6.08ns
ST_13: tmp_2_i (49)  [10/16] 6.08ns  loc: src/Envelope.cpp:35
codeRepl1:1  %tmp_2_i = fdiv float 2.000000e+00, %tmp_1_i


 <State 14>: 6.08ns
ST_14: tmp_2_i (49)  [9/16] 6.08ns  loc: src/Envelope.cpp:35
codeRepl1:1  %tmp_2_i = fdiv float 2.000000e+00, %tmp_1_i


 <State 15>: 6.08ns
ST_15: tmp_2_i (49)  [8/16] 6.08ns  loc: src/Envelope.cpp:35
codeRepl1:1  %tmp_2_i = fdiv float 2.000000e+00, %tmp_1_i


 <State 16>: 6.08ns
ST_16: tmp_2_i (49)  [7/16] 6.08ns  loc: src/Envelope.cpp:35
codeRepl1:1  %tmp_2_i = fdiv float 2.000000e+00, %tmp_1_i


 <State 17>: 6.08ns
ST_17: tmp_2_i (49)  [6/16] 6.08ns  loc: src/Envelope.cpp:35
codeRepl1:1  %tmp_2_i = fdiv float 2.000000e+00, %tmp_1_i


 <State 18>: 6.08ns
ST_18: tmp_2_i (49)  [5/16] 6.08ns  loc: src/Envelope.cpp:35
codeRepl1:1  %tmp_2_i = fdiv float 2.000000e+00, %tmp_1_i


 <State 19>: 6.08ns
ST_19: tmp_2_i (49)  [4/16] 6.08ns  loc: src/Envelope.cpp:35
codeRepl1:1  %tmp_2_i = fdiv float 2.000000e+00, %tmp_1_i


 <State 20>: 6.08ns
ST_20: tmp_2_i (49)  [3/16] 6.08ns  loc: src/Envelope.cpp:35
codeRepl1:1  %tmp_2_i = fdiv float 2.000000e+00, %tmp_1_i


 <State 21>: 6.08ns
ST_21: tmp_2_i (49)  [2/16] 6.08ns  loc: src/Envelope.cpp:35
codeRepl1:1  %tmp_2_i = fdiv float 2.000000e+00, %tmp_1_i


 <State 22>: 6.08ns
ST_22: tmp_2_i (49)  [1/16] 6.08ns  loc: src/Envelope.cpp:35
codeRepl1:1  %tmp_2_i = fdiv float 2.000000e+00, %tmp_1_i

ST_22: StgValue_139 (50)  [1/1] 0.00ns  loc: src/Envelope.cpp:35
codeRepl1:2  store float %tmp_2_i, float* @attackSlope, align 4

ST_22: StgValue_140 (52)  [1/1] 0.00ns
codeRepl1:4  br label %._crit_edge

ST_22: guard_variable_for_e_1 (54)  [1/1] 0.00ns
._crit_edge:0  %guard_variable_for_e_1 = load i1* @guard_variable_for_e_3, align 1

ST_22: StgValue_142 (55)  [1/1] 0.00ns  loc: src/Envelope.cpp:36
._crit_edge:1  br i1 %guard_variable_for_e_1, label %._crit_edge6, label %codeRepl

ST_22: tmp_4_i (57)  [1/1] 2.90ns  loc: src/Envelope.cpp:36
codeRepl:0  %tmp_4_i = add nsw i32 %sustainAmplitude_rea, -2

ST_22: tmp_6_i (59)  [1/1] 2.90ns  loc: src/Envelope.cpp:36
codeRepl:2  %tmp_6_i = sub nsw i32 %decayDuration_read, %attackDuration_read

ST_22: StgValue_145 (63)  [1/1] 0.00ns  loc: src/Envelope.cpp:36
codeRepl:6  store i1 true, i1* @guard_variable_for_e_3, align 1


 <State 23>: 6.41ns
ST_23: tmp_5_i (58)  [6/6] 6.41ns  loc: src/Envelope.cpp:36
codeRepl:1  %tmp_5_i = sitofp i32 %tmp_4_i to float

ST_23: tmp_7_i (60)  [6/6] 6.41ns  loc: src/Envelope.cpp:36
codeRepl:3  %tmp_7_i = sitofp i32 %tmp_6_i to float


 <State 24>: 6.41ns
ST_24: tmp_5_i (58)  [5/6] 6.41ns  loc: src/Envelope.cpp:36
codeRepl:1  %tmp_5_i = sitofp i32 %tmp_4_i to float

ST_24: tmp_7_i (60)  [5/6] 6.41ns  loc: src/Envelope.cpp:36
codeRepl:3  %tmp_7_i = sitofp i32 %tmp_6_i to float


 <State 25>: 6.41ns
ST_25: tmp_5_i (58)  [4/6] 6.41ns  loc: src/Envelope.cpp:36
codeRepl:1  %tmp_5_i = sitofp i32 %tmp_4_i to float

ST_25: tmp_7_i (60)  [4/6] 6.41ns  loc: src/Envelope.cpp:36
codeRepl:3  %tmp_7_i = sitofp i32 %tmp_6_i to float


 <State 26>: 6.41ns
ST_26: tmp_5_i (58)  [3/6] 6.41ns  loc: src/Envelope.cpp:36
codeRepl:1  %tmp_5_i = sitofp i32 %tmp_4_i to float

ST_26: tmp_7_i (60)  [3/6] 6.41ns  loc: src/Envelope.cpp:36
codeRepl:3  %tmp_7_i = sitofp i32 %tmp_6_i to float


 <State 27>: 6.41ns
ST_27: tmp_5_i (58)  [2/6] 6.41ns  loc: src/Envelope.cpp:36
codeRepl:1  %tmp_5_i = sitofp i32 %tmp_4_i to float

ST_27: tmp_7_i (60)  [2/6] 6.41ns  loc: src/Envelope.cpp:36
codeRepl:3  %tmp_7_i = sitofp i32 %tmp_6_i to float


 <State 28>: 6.41ns
ST_28: tmp_5_i (58)  [1/6] 6.41ns  loc: src/Envelope.cpp:36
codeRepl:1  %tmp_5_i = sitofp i32 %tmp_4_i to float

ST_28: tmp_7_i (60)  [1/6] 6.41ns  loc: src/Envelope.cpp:36
codeRepl:3  %tmp_7_i = sitofp i32 %tmp_6_i to float


 <State 29>: 6.08ns
ST_29: tmp_8_i (61)  [16/16] 6.08ns  loc: src/Envelope.cpp:36
codeRepl:4  %tmp_8_i = fdiv float %tmp_5_i, %tmp_7_i


 <State 30>: 6.08ns
ST_30: tmp_8_i (61)  [15/16] 6.08ns  loc: src/Envelope.cpp:36
codeRepl:4  %tmp_8_i = fdiv float %tmp_5_i, %tmp_7_i


 <State 31>: 6.08ns
ST_31: tmp_8_i (61)  [14/16] 6.08ns  loc: src/Envelope.cpp:36
codeRepl:4  %tmp_8_i = fdiv float %tmp_5_i, %tmp_7_i


 <State 32>: 6.08ns
ST_32: tmp_8_i (61)  [13/16] 6.08ns  loc: src/Envelope.cpp:36
codeRepl:4  %tmp_8_i = fdiv float %tmp_5_i, %tmp_7_i


 <State 33>: 6.08ns
ST_33: tmp_8_i (61)  [12/16] 6.08ns  loc: src/Envelope.cpp:36
codeRepl:4  %tmp_8_i = fdiv float %tmp_5_i, %tmp_7_i


 <State 34>: 6.08ns
ST_34: tmp_8_i (61)  [11/16] 6.08ns  loc: src/Envelope.cpp:36
codeRepl:4  %tmp_8_i = fdiv float %tmp_5_i, %tmp_7_i


 <State 35>: 6.08ns
ST_35: tmp_8_i (61)  [10/16] 6.08ns  loc: src/Envelope.cpp:36
codeRepl:4  %tmp_8_i = fdiv float %tmp_5_i, %tmp_7_i


 <State 36>: 6.08ns
ST_36: tmp_8_i (61)  [9/16] 6.08ns  loc: src/Envelope.cpp:36
codeRepl:4  %tmp_8_i = fdiv float %tmp_5_i, %tmp_7_i


 <State 37>: 6.08ns
ST_37: tmp_8_i (61)  [8/16] 6.08ns  loc: src/Envelope.cpp:36
codeRepl:4  %tmp_8_i = fdiv float %tmp_5_i, %tmp_7_i


 <State 38>: 6.08ns
ST_38: tmp_8_i (61)  [7/16] 6.08ns  loc: src/Envelope.cpp:36
codeRepl:4  %tmp_8_i = fdiv float %tmp_5_i, %tmp_7_i


 <State 39>: 6.08ns
ST_39: tmp_8_i (61)  [6/16] 6.08ns  loc: src/Envelope.cpp:36
codeRepl:4  %tmp_8_i = fdiv float %tmp_5_i, %tmp_7_i


 <State 40>: 6.08ns
ST_40: tmp_8_i (61)  [5/16] 6.08ns  loc: src/Envelope.cpp:36
codeRepl:4  %tmp_8_i = fdiv float %tmp_5_i, %tmp_7_i


 <State 41>: 6.08ns
ST_41: tmp_8_i (61)  [4/16] 6.08ns  loc: src/Envelope.cpp:36
codeRepl:4  %tmp_8_i = fdiv float %tmp_5_i, %tmp_7_i


 <State 42>: 6.08ns
ST_42: tmp_8_i (61)  [3/16] 6.08ns  loc: src/Envelope.cpp:36
codeRepl:4  %tmp_8_i = fdiv float %tmp_5_i, %tmp_7_i


 <State 43>: 6.08ns
ST_43: tmp_8_i (61)  [2/16] 6.08ns  loc: src/Envelope.cpp:36
codeRepl:4  %tmp_8_i = fdiv float %tmp_5_i, %tmp_7_i


 <State 44>: 6.08ns
ST_44: tmp_8_i (61)  [1/16] 6.08ns  loc: src/Envelope.cpp:36
codeRepl:4  %tmp_8_i = fdiv float %tmp_5_i, %tmp_7_i

ST_44: StgValue_174 (62)  [1/1] 0.00ns  loc: src/Envelope.cpp:36
codeRepl:5  store float %tmp_8_i, float* @decaySlope, align 4

ST_44: StgValue_175 (64)  [1/1] 0.00ns
codeRepl:7  br label %._crit_edge6

ST_44: guard_variable_for_e_2 (66)  [1/1] 0.00ns
._crit_edge6:0  %guard_variable_for_e_2 = load i1* @guard_variable_for_e_2, align 1

ST_44: StgValue_177 (67)  [1/1] 0.00ns  loc: src/Envelope.cpp:37
._crit_edge6:1  br i1 %guard_variable_for_e_2, label %._crit_edge7, label %codeRepl2

ST_44: tmp_i (69)  [1/1] 2.90ns  loc: src/Envelope.cpp:37
codeRepl2:0  %tmp_i = sub nsw i32 0, %sustainAmplitude_rea

ST_44: tmp_11_i (71)  [1/1] 2.90ns  loc: src/Envelope.cpp:37
codeRepl2:2  %tmp_11_i = sub nsw i32 %releaseDuration_read, %sustainDuration_read

ST_44: StgValue_180 (75)  [1/1] 0.00ns  loc: src/Envelope.cpp:37
codeRepl2:6  store i1 true, i1* @guard_variable_for_e_2, align 1


 <State 45>: 6.41ns
ST_45: tmp_10_i (70)  [6/6] 6.41ns  loc: src/Envelope.cpp:37
codeRepl2:1  %tmp_10_i = sitofp i32 %tmp_i to float

ST_45: tmp_12_i (72)  [6/6] 6.41ns  loc: src/Envelope.cpp:37
codeRepl2:3  %tmp_12_i = sitofp i32 %tmp_11_i to float


 <State 46>: 6.41ns
ST_46: tmp_10_i (70)  [5/6] 6.41ns  loc: src/Envelope.cpp:37
codeRepl2:1  %tmp_10_i = sitofp i32 %tmp_i to float

ST_46: tmp_12_i (72)  [5/6] 6.41ns  loc: src/Envelope.cpp:37
codeRepl2:3  %tmp_12_i = sitofp i32 %tmp_11_i to float


 <State 47>: 6.41ns
ST_47: tmp_10_i (70)  [4/6] 6.41ns  loc: src/Envelope.cpp:37
codeRepl2:1  %tmp_10_i = sitofp i32 %tmp_i to float

ST_47: tmp_12_i (72)  [4/6] 6.41ns  loc: src/Envelope.cpp:37
codeRepl2:3  %tmp_12_i = sitofp i32 %tmp_11_i to float


 <State 48>: 6.41ns
ST_48: tmp_10_i (70)  [3/6] 6.41ns  loc: src/Envelope.cpp:37
codeRepl2:1  %tmp_10_i = sitofp i32 %tmp_i to float

ST_48: tmp_12_i (72)  [3/6] 6.41ns  loc: src/Envelope.cpp:37
codeRepl2:3  %tmp_12_i = sitofp i32 %tmp_11_i to float


 <State 49>: 6.41ns
ST_49: tmp_10_i (70)  [2/6] 6.41ns  loc: src/Envelope.cpp:37
codeRepl2:1  %tmp_10_i = sitofp i32 %tmp_i to float

ST_49: tmp_12_i (72)  [2/6] 6.41ns  loc: src/Envelope.cpp:37
codeRepl2:3  %tmp_12_i = sitofp i32 %tmp_11_i to float


 <State 50>: 6.41ns
ST_50: tmp_10_i (70)  [1/6] 6.41ns  loc: src/Envelope.cpp:37
codeRepl2:1  %tmp_10_i = sitofp i32 %tmp_i to float

ST_50: tmp_12_i (72)  [1/6] 6.41ns  loc: src/Envelope.cpp:37
codeRepl2:3  %tmp_12_i = sitofp i32 %tmp_11_i to float


 <State 51>: 6.08ns
ST_51: tmp_13_i (73)  [16/16] 6.08ns  loc: src/Envelope.cpp:37
codeRepl2:4  %tmp_13_i = fdiv float %tmp_10_i, %tmp_12_i


 <State 52>: 6.08ns
ST_52: tmp_13_i (73)  [15/16] 6.08ns  loc: src/Envelope.cpp:37
codeRepl2:4  %tmp_13_i = fdiv float %tmp_10_i, %tmp_12_i


 <State 53>: 6.08ns
ST_53: tmp_13_i (73)  [14/16] 6.08ns  loc: src/Envelope.cpp:37
codeRepl2:4  %tmp_13_i = fdiv float %tmp_10_i, %tmp_12_i


 <State 54>: 6.08ns
ST_54: tmp_13_i (73)  [13/16] 6.08ns  loc: src/Envelope.cpp:37
codeRepl2:4  %tmp_13_i = fdiv float %tmp_10_i, %tmp_12_i


 <State 55>: 6.08ns
ST_55: tmp_13_i (73)  [12/16] 6.08ns  loc: src/Envelope.cpp:37
codeRepl2:4  %tmp_13_i = fdiv float %tmp_10_i, %tmp_12_i


 <State 56>: 6.08ns
ST_56: tmp_13_i (73)  [11/16] 6.08ns  loc: src/Envelope.cpp:37
codeRepl2:4  %tmp_13_i = fdiv float %tmp_10_i, %tmp_12_i


 <State 57>: 6.08ns
ST_57: tmp_13_i (73)  [10/16] 6.08ns  loc: src/Envelope.cpp:37
codeRepl2:4  %tmp_13_i = fdiv float %tmp_10_i, %tmp_12_i


 <State 58>: 6.08ns
ST_58: tmp_13_i (73)  [9/16] 6.08ns  loc: src/Envelope.cpp:37
codeRepl2:4  %tmp_13_i = fdiv float %tmp_10_i, %tmp_12_i


 <State 59>: 6.08ns
ST_59: tmp_13_i (73)  [8/16] 6.08ns  loc: src/Envelope.cpp:37
codeRepl2:4  %tmp_13_i = fdiv float %tmp_10_i, %tmp_12_i


 <State 60>: 6.08ns
ST_60: tmp_13_i (73)  [7/16] 6.08ns  loc: src/Envelope.cpp:37
codeRepl2:4  %tmp_13_i = fdiv float %tmp_10_i, %tmp_12_i


 <State 61>: 6.08ns
ST_61: tmp_13_i (73)  [6/16] 6.08ns  loc: src/Envelope.cpp:37
codeRepl2:4  %tmp_13_i = fdiv float %tmp_10_i, %tmp_12_i


 <State 62>: 6.08ns
ST_62: tmp_13_i (73)  [5/16] 6.08ns  loc: src/Envelope.cpp:37
codeRepl2:4  %tmp_13_i = fdiv float %tmp_10_i, %tmp_12_i


 <State 63>: 6.08ns
ST_63: tmp_13_i (73)  [4/16] 6.08ns  loc: src/Envelope.cpp:37
codeRepl2:4  %tmp_13_i = fdiv float %tmp_10_i, %tmp_12_i


 <State 64>: 6.08ns
ST_64: tmp_13_i (73)  [3/16] 6.08ns  loc: src/Envelope.cpp:37
codeRepl2:4  %tmp_13_i = fdiv float %tmp_10_i, %tmp_12_i


 <State 65>: 6.08ns
ST_65: tmp_13_i (73)  [2/16] 6.08ns  loc: src/Envelope.cpp:37
codeRepl2:4  %tmp_13_i = fdiv float %tmp_10_i, %tmp_12_i


 <State 66>: 6.08ns
ST_66: tmp_13_i (73)  [1/16] 6.08ns  loc: src/Envelope.cpp:37
codeRepl2:4  %tmp_13_i = fdiv float %tmp_10_i, %tmp_12_i

ST_66: StgValue_209 (74)  [1/1] 0.00ns  loc: src/Envelope.cpp:37
codeRepl2:5  store float %tmp_13_i, float* @releaseSlope, align 4

ST_66: StgValue_210 (76)  [1/1] 0.00ns
codeRepl2:7  br label %._crit_edge7

ST_66: guard_variable_for_e_3 (78)  [1/1] 0.00ns
._crit_edge7:0  %guard_variable_for_e_3 = load i1* @guard_variable_for_e_1, align 1

ST_66: releaseTime_load (79)  [1/1] 0.00ns  loc: src/Envelope.cpp:52
._crit_edge7:1  %releaseTime_load = load i32* @releaseTime, align 4

ST_66: StgValue_213 (80)  [1/1] 1.59ns  loc: src/Envelope.cpp:41
._crit_edge7:2  br i1 %guard_variable_for_e_3, label %._crit_edge8, label %codeRepl3

ST_66: StgValue_214 (82)  [1/1] 0.00ns  loc: src/Envelope.cpp:41
codeRepl3:0  store i1 true, i1* @guard_variable_for_e_1, align 1

ST_66: StgValue_215 (83)  [1/1] 1.59ns
codeRepl3:1  br label %._crit_edge8

ST_66: releaseTime_flag (85)  [1/1] 0.00ns
._crit_edge8:0  %releaseTime_flag = phi i1 [ true, %codeRepl3 ], [ false, %._crit_edge7 ]

ST_66: releaseTime_loc (86)  [1/1] 0.00ns  loc: src/Envelope.cpp:52
._crit_edge8:1  %releaseTime_loc = phi i32 [ %releaseDuration_read, %codeRepl3 ], [ %releaseTime_load, %._crit_edge7 ]

ST_66: guard_variable_for_e_4 (87)  [1/1] 0.00ns
._crit_edge8:2  %guard_variable_for_e_4 = load i1* @guard_variable_for_e, align 1

ST_66: sustainTime_load (88)  [1/1] 0.00ns  loc: src/Envelope.cpp:51
._crit_edge8:3  %sustainTime_load = load i32* @sustainTime, align 4

ST_66: StgValue_220 (89)  [1/1] 1.59ns  loc: src/Envelope.cpp:42
._crit_edge8:4  br i1 %guard_variable_for_e_4, label %._crit_edge9_ifconv, label %codeRepl4

ST_66: StgValue_221 (91)  [1/1] 0.00ns  loc: src/Envelope.cpp:42
codeRepl4:0  store i1 true, i1* @guard_variable_for_e, align 1

ST_66: StgValue_222 (92)  [1/1] 1.59ns
codeRepl4:1  br label %._crit_edge9_ifconv

ST_66: tmp_22 (96)  [2/2] 0.00ns  loc: src/Envelope.cpp:45
._crit_edge9_ifconv:2  %tmp_22 = call float @_ssdm_op_Read.axis.volatile.floatP(float* %wave_in_V)

ST_66: not_tmp_4 (98)  [1/1] 3.26ns  loc: src/Envelope.cpp:47
._crit_edge9_ifconv:4  %not_tmp_4 = icmp ne i32 %press_read, 0

ST_66: tmp_5 (99)  [1/1] 3.26ns  loc: src/Envelope.cpp:50
._crit_edge9_ifconv:5  %tmp_5 = icmp sgt i32 %press_read, 0


 <State 67>: 7.40ns
ST_67: sustainTime_flag (94)  [1/1] 0.00ns (grouped into LUT with out node sustainTime_flag_1)
._crit_edge9_ifconv:0  %sustainTime_flag = phi i1 [ true, %codeRepl4 ], [ false, %._crit_edge8 ]

ST_67: sustainTime_loc (95)  [1/1] 0.00ns  loc: src/Envelope.cpp:51
._crit_edge9_ifconv:1  %sustainTime_loc = phi i32 [ %sustainDuration_read, %codeRepl4 ], [ %sustainTime_load, %._crit_edge8 ]

ST_67: tmp_22 (96)  [1/2] 0.00ns  loc: src/Envelope.cpp:45
._crit_edge9_ifconv:2  %tmp_22 = call float @_ssdm_op_Read.axis.volatile.floatP(float* %wave_in_V)

ST_67: wait_load (97)  [1/1] 0.00ns
._crit_edge9_ifconv:3  %wait_load = load i1* @wait_r, align 1

ST_67: time_load (100)  [1/1] 0.00ns  loc: src/Envelope.cpp:50
._crit_edge9_ifconv:6  %time_load = load i32* @time_r, align 4

ST_67: tmp_6 (101)  [1/1] 3.26ns  loc: src/Envelope.cpp:50
._crit_edge9_ifconv:7  %tmp_6 = icmp sgt i32 %time_load, %decayDuration_read

ST_67: or_cond_2 (102)  [1/1] 2.07ns  loc: src/Envelope.cpp:50
._crit_edge9_ifconv:8  %or_cond_2 = and i1 %tmp_5, %tmp_6

ST_67: tmp_7 (103)  [1/1] 2.90ns  loc: src/Envelope.cpp:51
._crit_edge9_ifconv:9  %tmp_7 = add nsw i32 %sustainTime_loc, 1

ST_67: tmp_8 (104)  [1/1] 2.90ns  loc: src/Envelope.cpp:52
._crit_edge9_ifconv:10  %tmp_8 = add nsw i32 %releaseTime_loc, 1

ST_67: releaseTime_flag_1 (105)  [1/1] 2.07ns  loc: src/Envelope.cpp:50
._crit_edge9_ifconv:11  %releaseTime_flag_1 = or i1 %or_cond_2, %releaseTime_flag

ST_67: releaseTime_new_1 (106)  [1/1] 2.07ns  loc: src/Envelope.cpp:50
._crit_edge9_ifconv:12  %releaseTime_new_1 = select i1 %or_cond_2, i32 %tmp_8, i32 %releaseDuration_read

ST_67: releaseTime_loc_1 (107)  [1/1] 2.07ns  loc: src/Envelope.cpp:50
._crit_edge9_ifconv:13  %releaseTime_loc_1 = select i1 %or_cond_2, i32 %tmp_8, i32 %releaseTime_loc

ST_67: sustainTime_flag_1 (108)  [1/1] 2.07ns  loc: src/Envelope.cpp:50 (out node of the LUT)
._crit_edge9_ifconv:14  %sustainTime_flag_1 = or i1 %or_cond_2, %sustainTime_flag

ST_67: sustainTime_new_1 (109)  [1/1] 2.07ns  loc: src/Envelope.cpp:50
._crit_edge9_ifconv:15  %sustainTime_new_1 = select i1 %or_cond_2, i32 %tmp_7, i32 %sustainDuration_read

ST_67: sustainTime_loc_1 (110)  [1/1] 2.07ns  loc: src/Envelope.cpp:50
._crit_edge9_ifconv:16  %sustainTime_loc_1 = select i1 %or_cond_2, i32 %tmp_7, i32 %sustainTime_loc

ST_67: tmp_4 (111)  [1/1] 0.00ns  loc: src/Envelope.cpp:55 (grouped into LUT with out node time_load_s)
._crit_edge9_ifconv:17  %tmp_4 = xor i1 %wait_load, true

ST_67: tmp_s (112)  [1/1] 0.00ns  loc: src/Envelope.cpp:55 (grouped into LUT with out node time_load_s)
._crit_edge9_ifconv:18  %tmp_s = or i1 %not_tmp_4, %tmp_4

ST_67: time_load_s (113)  [1/1] 2.07ns  loc: src/Envelope.cpp:55 (out node of the LUT)
._crit_edge9_ifconv:19  %time_load_s = select i1 %tmp_s, i32 %time_load, i32 0

ST_67: tmp_1 (114)  [1/1] 3.26ns  loc: src/Envelope.cpp:59
._crit_edge9_ifconv:20  %tmp_1 = icmp slt i32 %time_load_s, %attackDuration_read

ST_67: StgValue_245 (115)  [1/1] 0.00ns  loc: src/Envelope.cpp:50
._crit_edge9_ifconv:21  br i1 %sustainTime_flag_1, label %mergeST5, label %._crit_edge11.new6

ST_67: StgValue_246 (117)  [1/1] 0.00ns  loc: src/Envelope.cpp:42
mergeST5:0  store i32 %sustainTime_new_1, i32* @sustainTime, align 4

ST_67: StgValue_247 (118)  [1/1] 0.00ns
mergeST5:1  br label %._crit_edge11.new6

ST_67: StgValue_248 (120)  [1/1] 0.00ns  loc: src/Envelope.cpp:50
._crit_edge11.new6:0  br i1 %releaseTime_flag_1, label %mergeST, label %._crit_edge11.new_ifconv

ST_67: StgValue_249 (122)  [1/1] 0.00ns  loc: src/Envelope.cpp:41
mergeST:0  store i32 %releaseTime_new_1, i32* @releaseTime, align 4

ST_67: StgValue_250 (123)  [1/1] 0.00ns
mergeST:1  br label %._crit_edge11.new_ifconv

ST_67: tmp_9 (129)  [1/1] 3.26ns  loc: src/Envelope.cpp:63
._crit_edge11.new_ifconv:4  %tmp_9 = icmp slt i32 %time_load_s, %decayDuration_read


 <State 68>: 7.40ns
ST_68: tmp_10 (131)  [1/1] 2.90ns  loc: src/Envelope.cpp:64
._crit_edge11.new_ifconv:6  %tmp_10 = sub nsw i32 %time_load_s, %attackDuration_read

ST_68: tmp_14 (136)  [1/1] 3.26ns  loc: src/Envelope.cpp:67
._crit_edge11.new_ifconv:11  %tmp_14 = icmp slt i32 %time_load_s, %sustainTime_loc_1

ST_68: tmp_16 (139)  [1/1] 3.26ns  loc: src/Envelope.cpp:71
._crit_edge11.new_ifconv:14  %tmp_16 = icmp slt i32 %time_load_s, %releaseTime_loc_1

ST_68: tmp_17 (141)  [1/1] 2.90ns  loc: src/Envelope.cpp:72
._crit_edge11.new_ifconv:16  %tmp_17 = sub nsw i32 %time_load_s, %sustainTime_loc_1

ST_68: not_tmp_s (146)  [1/1] 2.07ns  loc: src/Envelope.cpp:59
._crit_edge11.new_ifconv:21  %not_tmp_s = xor i1 %tmp_1, true

ST_68: sel_tmp2 (147)  [1/1] 2.07ns  loc: src/Envelope.cpp:63
._crit_edge11.new_ifconv:22  %sel_tmp2 = and i1 %tmp_9, %not_tmp_s

ST_68: sel_tmp (148)  [1/1] 0.00ns  loc: src/Envelope.cpp:63 (grouped into LUT with out node sel_tmp8)
._crit_edge11.new_ifconv:23  %sel_tmp = xor i1 %sel_tmp2, %not_tmp_s

ST_68: sel_tmp6_demorgan (149)  [1/1] 2.07ns  loc: src/Envelope.cpp:59
._crit_edge11.new_ifconv:24  %sel_tmp6_demorgan = or i1 %tmp_1, %tmp_9

ST_68: tmp_19_not (150)  [1/1] 0.00ns  loc: src/Envelope.cpp:67 (grouped into LUT with out node sel_tmp8)
._crit_edge11.new_ifconv:25  %tmp_19_not = xor i1 %tmp_14, true

ST_68: not_sel_tmp7 (151)  [1/1] 0.00ns  loc: src/Envelope.cpp:59 (grouped into LUT with out node sel_tmp8)
._crit_edge11.new_ifconv:26  %not_sel_tmp7 = or i1 %sel_tmp6_demorgan, %tmp_19_not

ST_68: sel_tmp13_demorgan (152)  [1/1] 2.07ns  loc: src/Envelope.cpp:59
._crit_edge11.new_ifconv:27  %sel_tmp13_demorgan = or i1 %sel_tmp6_demorgan, %tmp_14

ST_68: tmp_21_not (153)  [1/1] 0.00ns  loc: src/Envelope.cpp:71 (grouped into LUT with out node sel_tmp8)
._crit_edge11.new_ifconv:28  %tmp_21_not = xor i1 %tmp_16, true

ST_68: not_sel_tmp (154)  [1/1] 0.00ns  loc: src/Envelope.cpp:59 (grouped into LUT with out node sel_tmp8)
._crit_edge11.new_ifconv:29  %not_sel_tmp = or i1 %sel_tmp13_demorgan, %tmp_21_not

ST_68: tmp1 (155)  [1/1] 0.00ns  loc: src/Envelope.cpp:59 (grouped into LUT with out node sel_tmp8)
._crit_edge11.new_ifconv:30  %tmp1 = and i1 %not_sel_tmp7, %not_sel_tmp

ST_68: sel_tmp8 (156)  [1/1] 2.07ns  loc: src/Envelope.cpp:59 (out node of the LUT)
._crit_edge11.new_ifconv:31  %sel_tmp8 = and i1 %tmp1, %sel_tmp

ST_68: sel_tmp1 (158)  [1/1] 0.00ns  loc: src/Envelope.cpp:59 (grouped into LUT with out node sel_tmp3)
._crit_edge11.new_ifconv:33  %sel_tmp1 = xor i1 %sel_tmp6_demorgan, true

ST_68: sel_tmp3 (159)  [1/1] 2.07ns  loc: src/Envelope.cpp:67 (out node of the LUT)
._crit_edge11.new_ifconv:34  %sel_tmp3 = and i1 %tmp_14, %sel_tmp1

ST_68: sel_tmp4 (160)  [1/1] 0.00ns  loc: src/Envelope.cpp:59 (grouped into LUT with out node sel_tmp5)
._crit_edge11.new_ifconv:35  %sel_tmp4 = xor i1 %sel_tmp13_demorgan, true

ST_68: sel_tmp5 (161)  [1/1] 2.07ns  loc: src/Envelope.cpp:71 (out node of the LUT)
._crit_edge11.new_ifconv:36  %sel_tmp5 = and i1 %tmp_16, %sel_tmp4


 <State 69>: 6.41ns
ST_69: tmp_11 (132)  [6/6] 6.41ns  loc: src/Envelope.cpp:64
._crit_edge11.new_ifconv:7  %tmp_11 = sitofp i32 %tmp_10 to float

ST_69: tmp_18 (142)  [6/6] 6.41ns  loc: src/Envelope.cpp:72
._crit_edge11.new_ifconv:17  %tmp_18 = sitofp i32 %tmp_17 to float

ST_69: wait_flag_1 (157)  [1/1] 2.07ns  loc: src/Envelope.cpp:47 (out node of the LUT)
._crit_edge11.new_ifconv:32  %wait_flag_1 = or i1 %not_tmp_4, %sel_tmp8


 <State 70>: 6.41ns
ST_70: tmp_11 (132)  [5/6] 6.41ns  loc: src/Envelope.cpp:64
._crit_edge11.new_ifconv:7  %tmp_11 = sitofp i32 %tmp_10 to float

ST_70: tmp_18 (142)  [5/6] 6.41ns  loc: src/Envelope.cpp:72
._crit_edge11.new_ifconv:17  %tmp_18 = sitofp i32 %tmp_17 to float


 <State 71>: 6.41ns
ST_71: tmp_11 (132)  [4/6] 6.41ns  loc: src/Envelope.cpp:64
._crit_edge11.new_ifconv:7  %tmp_11 = sitofp i32 %tmp_10 to float

ST_71: tmp_18 (142)  [4/6] 6.41ns  loc: src/Envelope.cpp:72
._crit_edge11.new_ifconv:17  %tmp_18 = sitofp i32 %tmp_17 to float


 <State 72>: 6.41ns
ST_72: tmp_11 (132)  [3/6] 6.41ns  loc: src/Envelope.cpp:64
._crit_edge11.new_ifconv:7  %tmp_11 = sitofp i32 %tmp_10 to float

ST_72: tmp_18 (142)  [3/6] 6.41ns  loc: src/Envelope.cpp:72
._crit_edge11.new_ifconv:17  %tmp_18 = sitofp i32 %tmp_17 to float


 <State 73>: 6.41ns
ST_73: tmp_11 (132)  [2/6] 6.41ns  loc: src/Envelope.cpp:64
._crit_edge11.new_ifconv:7  %tmp_11 = sitofp i32 %tmp_10 to float

ST_73: tmp_15 (137)  [6/6] 6.41ns  loc: src/Envelope.cpp:68
._crit_edge11.new_ifconv:12  %tmp_15 = sitofp i32 %sustainAmplitude_rea to float

ST_73: tmp_18 (142)  [2/6] 6.41ns  loc: src/Envelope.cpp:72
._crit_edge11.new_ifconv:17  %tmp_18 = sitofp i32 %tmp_17 to float


 <State 74>: 6.41ns
ST_74: tmp_2 (126)  [6/6] 6.41ns  loc: src/Envelope.cpp:60
._crit_edge11.new_ifconv:1  %tmp_2 = sitofp i32 %time_load_s to float

ST_74: tmp_11 (132)  [1/6] 6.41ns  loc: src/Envelope.cpp:64
._crit_edge11.new_ifconv:7  %tmp_11 = sitofp i32 %tmp_10 to float

ST_74: tmp_15 (137)  [5/6] 6.41ns  loc: src/Envelope.cpp:68
._crit_edge11.new_ifconv:12  %tmp_15 = sitofp i32 %sustainAmplitude_rea to float

ST_74: tmp_18 (142)  [1/6] 6.41ns  loc: src/Envelope.cpp:72
._crit_edge11.new_ifconv:17  %tmp_18 = sitofp i32 %tmp_17 to float

ST_74: tmp_21 (170)  [1/1] 2.90ns  loc: src/Envelope.cpp:80
._crit_edge11.new_ifconv:45  %tmp_21 = add nsw i32 %time_load_s, 1

ST_74: StgValue_288 (171)  [1/1] 0.00ns  loc: src/Envelope.cpp:80
._crit_edge11.new_ifconv:46  store i32 %tmp_21, i32* @time_r, align 4


 <State 75>: 6.41ns
ST_75: tmp_2 (126)  [5/6] 6.41ns  loc: src/Envelope.cpp:60
._crit_edge11.new_ifconv:1  %tmp_2 = sitofp i32 %time_load_s to float

ST_75: decaySlope_load (130)  [1/1] 0.00ns  loc: src/Envelope.cpp:64
._crit_edge11.new_ifconv:5  %decaySlope_load = load float* @decaySlope, align 4

ST_75: tmp_12 (133)  [4/4] 5.70ns  loc: src/Envelope.cpp:64
._crit_edge11.new_ifconv:8  %tmp_12 = fmul float %decaySlope_load, %tmp_11

ST_75: tmp_15 (137)  [4/6] 6.41ns  loc: src/Envelope.cpp:68
._crit_edge11.new_ifconv:12  %tmp_15 = sitofp i32 %sustainAmplitude_rea to float

ST_75: releaseSlope_load (140)  [1/1] 0.00ns  loc: src/Envelope.cpp:72
._crit_edge11.new_ifconv:15  %releaseSlope_load = load float* @releaseSlope, align 4

ST_75: tmp_19 (143)  [4/4] 5.70ns  loc: src/Envelope.cpp:72
._crit_edge11.new_ifconv:18  %tmp_19 = fmul float %releaseSlope_load, %tmp_18


 <State 76>: 6.41ns
ST_76: tmp_2 (126)  [4/6] 6.41ns  loc: src/Envelope.cpp:60
._crit_edge11.new_ifconv:1  %tmp_2 = sitofp i32 %time_load_s to float

ST_76: tmp_12 (133)  [3/4] 5.70ns  loc: src/Envelope.cpp:64
._crit_edge11.new_ifconv:8  %tmp_12 = fmul float %decaySlope_load, %tmp_11

ST_76: tmp_15 (137)  [3/6] 6.41ns  loc: src/Envelope.cpp:68
._crit_edge11.new_ifconv:12  %tmp_15 = sitofp i32 %sustainAmplitude_rea to float

ST_76: tmp_19 (143)  [3/4] 5.70ns  loc: src/Envelope.cpp:72
._crit_edge11.new_ifconv:18  %tmp_19 = fmul float %releaseSlope_load, %tmp_18


 <State 77>: 6.41ns
ST_77: tmp_2 (126)  [3/6] 6.41ns  loc: src/Envelope.cpp:60
._crit_edge11.new_ifconv:1  %tmp_2 = sitofp i32 %time_load_s to float

ST_77: tmp_12 (133)  [2/4] 5.70ns  loc: src/Envelope.cpp:64
._crit_edge11.new_ifconv:8  %tmp_12 = fmul float %decaySlope_load, %tmp_11

ST_77: tmp_15 (137)  [2/6] 6.41ns  loc: src/Envelope.cpp:68
._crit_edge11.new_ifconv:12  %tmp_15 = sitofp i32 %sustainAmplitude_rea to float

ST_77: tmp_19 (143)  [2/4] 5.70ns  loc: src/Envelope.cpp:72
._crit_edge11.new_ifconv:18  %tmp_19 = fmul float %releaseSlope_load, %tmp_18


 <State 78>: 6.41ns
ST_78: tmp_2 (126)  [2/6] 6.41ns  loc: src/Envelope.cpp:60
._crit_edge11.new_ifconv:1  %tmp_2 = sitofp i32 %time_load_s to float

ST_78: tmp_12 (133)  [1/4] 5.70ns  loc: src/Envelope.cpp:64
._crit_edge11.new_ifconv:8  %tmp_12 = fmul float %decaySlope_load, %tmp_11

ST_78: tmp_15 (137)  [1/6] 6.41ns  loc: src/Envelope.cpp:68
._crit_edge11.new_ifconv:12  %tmp_15 = sitofp i32 %sustainAmplitude_rea to float

ST_78: tmp_19 (143)  [1/4] 5.70ns  loc: src/Envelope.cpp:72
._crit_edge11.new_ifconv:18  %tmp_19 = fmul float %releaseSlope_load, %tmp_18


 <State 79>: 7.26ns
ST_79: tmp_2 (126)  [1/6] 6.41ns  loc: src/Envelope.cpp:60
._crit_edge11.new_ifconv:1  %tmp_2 = sitofp i32 %time_load_s to float

ST_79: tmp_13 (134)  [5/5] 7.26ns  loc: src/Envelope.cpp:64
._crit_edge11.new_ifconv:9  %tmp_13 = fadd float %tmp_12, 2.000000e+00

ST_79: tmp_20 (144)  [5/5] 7.26ns  loc: src/Envelope.cpp:72
._crit_edge11.new_ifconv:19  %tmp_20 = fadd float %tmp_19, %tmp_15


 <State 80>: 7.26ns
ST_80: attackSlope_load (125)  [1/1] 0.00ns  loc: src/Envelope.cpp:60
._crit_edge11.new_ifconv:0  %attackSlope_load = load float* @attackSlope, align 4

ST_80: tmp_3 (127)  [4/4] 5.70ns  loc: src/Envelope.cpp:60
._crit_edge11.new_ifconv:2  %tmp_3 = fmul float %attackSlope_load, %tmp_2

ST_80: tmp_13 (134)  [4/5] 7.26ns  loc: src/Envelope.cpp:64
._crit_edge11.new_ifconv:9  %tmp_13 = fadd float %tmp_12, 2.000000e+00

ST_80: tmp_20 (144)  [4/5] 7.26ns  loc: src/Envelope.cpp:72
._crit_edge11.new_ifconv:19  %tmp_20 = fadd float %tmp_19, %tmp_15


 <State 81>: 7.26ns
ST_81: tmp_3 (127)  [3/4] 5.70ns  loc: src/Envelope.cpp:60
._crit_edge11.new_ifconv:2  %tmp_3 = fmul float %attackSlope_load, %tmp_2

ST_81: tmp_13 (134)  [3/5] 7.26ns  loc: src/Envelope.cpp:64
._crit_edge11.new_ifconv:9  %tmp_13 = fadd float %tmp_12, 2.000000e+00

ST_81: tmp_20 (144)  [3/5] 7.26ns  loc: src/Envelope.cpp:72
._crit_edge11.new_ifconv:19  %tmp_20 = fadd float %tmp_19, %tmp_15


 <State 82>: 7.26ns
ST_82: tmp_3 (127)  [2/4] 5.70ns  loc: src/Envelope.cpp:60
._crit_edge11.new_ifconv:2  %tmp_3 = fmul float %attackSlope_load, %tmp_2

ST_82: tmp_13 (134)  [2/5] 7.26ns  loc: src/Envelope.cpp:64
._crit_edge11.new_ifconv:9  %tmp_13 = fadd float %tmp_12, 2.000000e+00

ST_82: tmp_20 (144)  [2/5] 7.26ns  loc: src/Envelope.cpp:72
._crit_edge11.new_ifconv:19  %tmp_20 = fadd float %tmp_19, %tmp_15


 <State 83>: 7.26ns
ST_83: tmp_3 (127)  [1/4] 5.70ns  loc: src/Envelope.cpp:60
._crit_edge11.new_ifconv:2  %tmp_3 = fmul float %attackSlope_load, %tmp_2

ST_83: tmp_13 (134)  [1/5] 7.26ns  loc: src/Envelope.cpp:64
._crit_edge11.new_ifconv:9  %tmp_13 = fadd float %tmp_12, 2.000000e+00

ST_83: tmp_20 (144)  [1/5] 7.26ns  loc: src/Envelope.cpp:72
._crit_edge11.new_ifconv:19  %tmp_20 = fadd float %tmp_19, %tmp_15


 <State 84>: 5.70ns
ST_84: resultAmplitude_1 (128)  [4/4] 5.70ns  loc: src/Envelope.cpp:60
._crit_edge11.new_ifconv:3  %resultAmplitude_1 = fmul float %tmp_22, %tmp_3

ST_84: resultAmplitude_2 (135)  [4/4] 5.70ns  loc: src/Envelope.cpp:64
._crit_edge11.new_ifconv:10  %resultAmplitude_2 = fmul float %tmp_22, %tmp_13

ST_84: resultAmplitude_3 (138)  [4/4] 5.70ns  loc: src/Envelope.cpp:68
._crit_edge11.new_ifconv:13  %resultAmplitude_3 = fmul float %tmp_22, %tmp_15

ST_84: resultAmplitude_4 (145)  [4/4] 5.70ns  loc: src/Envelope.cpp:72
._crit_edge11.new_ifconv:20  %resultAmplitude_4 = fmul float %tmp_22, %tmp_20


 <State 85>: 5.70ns
ST_85: resultAmplitude_1 (128)  [3/4] 5.70ns  loc: src/Envelope.cpp:60
._crit_edge11.new_ifconv:3  %resultAmplitude_1 = fmul float %tmp_22, %tmp_3

ST_85: resultAmplitude_2 (135)  [3/4] 5.70ns  loc: src/Envelope.cpp:64
._crit_edge11.new_ifconv:10  %resultAmplitude_2 = fmul float %tmp_22, %tmp_13

ST_85: resultAmplitude_3 (138)  [3/4] 5.70ns  loc: src/Envelope.cpp:68
._crit_edge11.new_ifconv:13  %resultAmplitude_3 = fmul float %tmp_22, %tmp_15

ST_85: resultAmplitude_4 (145)  [3/4] 5.70ns  loc: src/Envelope.cpp:72
._crit_edge11.new_ifconv:20  %resultAmplitude_4 = fmul float %tmp_22, %tmp_20


 <State 86>: 5.70ns
ST_86: resultAmplitude_1 (128)  [2/4] 5.70ns  loc: src/Envelope.cpp:60
._crit_edge11.new_ifconv:3  %resultAmplitude_1 = fmul float %tmp_22, %tmp_3

ST_86: resultAmplitude_2 (135)  [2/4] 5.70ns  loc: src/Envelope.cpp:64
._crit_edge11.new_ifconv:10  %resultAmplitude_2 = fmul float %tmp_22, %tmp_13

ST_86: resultAmplitude_3 (138)  [2/4] 5.70ns  loc: src/Envelope.cpp:68
._crit_edge11.new_ifconv:13  %resultAmplitude_3 = fmul float %tmp_22, %tmp_15

ST_86: resultAmplitude_4 (145)  [2/4] 5.70ns  loc: src/Envelope.cpp:72
._crit_edge11.new_ifconv:20  %resultAmplitude_4 = fmul float %tmp_22, %tmp_20


 <State 87>: 7.77ns
ST_87: resultAmplitude_1 (128)  [1/4] 5.70ns  loc: src/Envelope.cpp:60
._crit_edge11.new_ifconv:3  %resultAmplitude_1 = fmul float %tmp_22, %tmp_3

ST_87: resultAmplitude_2 (135)  [1/4] 5.70ns  loc: src/Envelope.cpp:64
._crit_edge11.new_ifconv:10  %resultAmplitude_2 = fmul float %tmp_22, %tmp_13

ST_87: resultAmplitude_3 (138)  [1/4] 5.70ns  loc: src/Envelope.cpp:68
._crit_edge11.new_ifconv:13  %resultAmplitude_3 = fmul float %tmp_22, %tmp_15

ST_87: resultAmplitude_4 (145)  [1/4] 5.70ns  loc: src/Envelope.cpp:72
._crit_edge11.new_ifconv:20  %resultAmplitude_4 = fmul float %tmp_22, %tmp_20

ST_87: or_cond (162)  [1/1] 0.00ns  loc: src/Envelope.cpp:71 (grouped into LUT with out node not_or_cond)
._crit_edge11.new_ifconv:37  %or_cond = or i1 %sel_tmp5, %sel_tmp3

ST_87: or_cond1 (163)  [1/1] 0.00ns  loc: src/Envelope.cpp:63 (grouped into LUT with out node not_or_cond)
._crit_edge11.new_ifconv:38  %or_cond1 = or i1 %sel_tmp2, %tmp_1

ST_87: or_cond2 (164)  [1/1] 0.00ns  loc: src/Envelope.cpp:71 (grouped into LUT with out node not_or_cond)
._crit_edge11.new_ifconv:39  %or_cond2 = or i1 %or_cond, %or_cond1

ST_87: not_or_cond (165)  [1/1] 2.07ns  loc: src/Envelope.cpp:71 (out node of the LUT)
._crit_edge11.new_ifconv:40  %not_or_cond = xor i1 %or_cond2, true

ST_87: resultAmplitude_5 (166)  [1/1] 0.00ns  loc: src/Envelope.cpp:82 (grouped into LUT with out node resultAmplitude_7)
._crit_edge11.new_ifconv:41  %resultAmplitude_5 = select i1 %tmp_1, float %resultAmplitude_1, float 0.000000e+00

ST_87: resultAmplitude_6 (167)  [1/1] 0.00ns  loc: src/Envelope.cpp:82 (grouped into LUT with out node resultAmplitude_7)
._crit_edge11.new_ifconv:42  %resultAmplitude_6 = select i1 %sel_tmp2, float %resultAmplitude_2, float %resultAmplitude_5

ST_87: resultAmplitude_7 (168)  [1/1] 2.07ns  loc: src/Envelope.cpp:82 (out node of the LUT)
._crit_edge11.new_ifconv:43  %resultAmplitude_7 = select i1 %sel_tmp3, float %resultAmplitude_3, float %resultAmplitude_6


 <State 88>: 2.07ns
ST_88: resultAmplitude (169)  [1/1] 2.07ns  loc: src/Envelope.cpp:82 (out node of the LUT)
._crit_edge11.new_ifconv:44  %resultAmplitude = select i1 %sel_tmp5, float %resultAmplitude_4, float %resultAmplitude_7

ST_88: StgValue_347 (172)  [2/2] 0.00ns  loc: src/Envelope.cpp:82
._crit_edge11.new_ifconv:47  call void @_ssdm_op_Write.axis.volatile.floatP(float* %wave_out_V, float %resultAmplitude)


 <State 89>: 0.00ns
ST_89: StgValue_348 (172)  [1/2] 0.00ns  loc: src/Envelope.cpp:82
._crit_edge11.new_ifconv:47  call void @_ssdm_op_Write.axis.volatile.floatP(float* %wave_out_V, float %resultAmplitude)

ST_89: StgValue_349 (173)  [1/1] 0.00ns  loc: src/Envelope.cpp:47
._crit_edge11.new_ifconv:48  br i1 %wait_flag_1, label %mergeST7, label %.new

ST_89: StgValue_350 (175)  [1/1] 0.00ns  loc: src/Envelope.cpp:48
mergeST7:0  store i1 %not_or_cond, i1* @wait_r, align 1

ST_89: StgValue_351 (176)  [1/1] 0.00ns
mergeST7:1  br label %.new

ST_89: StgValue_352 (178)  [1/1] 0.00ns  loc: src/Envelope.cpp:83
.new:0  ret void



============================================================
+ Verbose Summary: Timing violations
============================================================
Target clock period: 10ns, clock uncertainty: 1.25ns.

 <State 1>: 7.41ns
The critical path consists of the following:
	s_axi read on port 'attackDuration' [34]  (1 ns)
	'sitofp' operation ('tmp_1_i', src/Envelope.cpp:35) [48]  (6.41 ns)

 <State 2>: 6.41ns
The critical path consists of the following:
	'sitofp' operation ('tmp_1_i', src/Envelope.cpp:35) [48]  (6.41 ns)

 <State 3>: 6.41ns
The critical path consists of the following:
	'sitofp' operation ('tmp_1_i', src/Envelope.cpp:35) [48]  (6.41 ns)

 <State 4>: 6.41ns
The critical path consists of the following:
	'sitofp' operation ('tmp_1_i', src/Envelope.cpp:35) [48]  (6.41 ns)

 <State 5>: 6.41ns
The critical path consists of the following:
	'sitofp' operation ('tmp_1_i', src/Envelope.cpp:35) [48]  (6.41 ns)

 <State 6>: 6.41ns
The critical path consists of the following:
	'sitofp' operation ('tmp_1_i', src/Envelope.cpp:35) [48]  (6.41 ns)

 <State 7>: 6.08ns
The critical path consists of the following:
	'fdiv' operation ('tmp_2_i', src/Envelope.cpp:35) [49]  (6.08 ns)

 <State 8>: 6.08ns
The critical path consists of the following:
	'fdiv' operation ('tmp_2_i', src/Envelope.cpp:35) [49]  (6.08 ns)

 <State 9>: 6.08ns
The critical path consists of the following:
	'fdiv' operation ('tmp_2_i', src/Envelope.cpp:35) [49]  (6.08 ns)

 <State 10>: 6.08ns
The critical path consists of the following:
	'fdiv' operation ('tmp_2_i', src/Envelope.cpp:35) [49]  (6.08 ns)

 <State 11>: 6.08ns
The critical path consists of the following:
	'fdiv' operation ('tmp_2_i', src/Envelope.cpp:35) [49]  (6.08 ns)

 <State 12>: 6.08ns
The critical path consists of the following:
	'fdiv' operation ('tmp_2_i', src/Envelope.cpp:35) [49]  (6.08 ns)

 <State 13>: 6.08ns
The critical path consists of the following:
	'fdiv' operation ('tmp_2_i', src/Envelope.cpp:35) [49]  (6.08 ns)

 <State 14>: 6.08ns
The critical path consists of the following:
	'fdiv' operation ('tmp_2_i', src/Envelope.cpp:35) [49]  (6.08 ns)

 <State 15>: 6.08ns
The critical path consists of the following:
	'fdiv' operation ('tmp_2_i', src/Envelope.cpp:35) [49]  (6.08 ns)

 <State 16>: 6.08ns
The critical path consists of the following:
	'fdiv' operation ('tmp_2_i', src/Envelope.cpp:35) [49]  (6.08 ns)

 <State 17>: 6.08ns
The critical path consists of the following:
	'fdiv' operation ('tmp_2_i', src/Envelope.cpp:35) [49]  (6.08 ns)

 <State 18>: 6.08ns
The critical path consists of the following:
	'fdiv' operation ('tmp_2_i', src/Envelope.cpp:35) [49]  (6.08 ns)

 <State 19>: 6.08ns
The critical path consists of the following:
	'fdiv' operation ('tmp_2_i', src/Envelope.cpp:35) [49]  (6.08 ns)

 <State 20>: 6.08ns
The critical path consists of the following:
	'fdiv' operation ('tmp_2_i', src/Envelope.cpp:35) [49]  (6.08 ns)

 <State 21>: 6.08ns
The critical path consists of the following:
	'fdiv' operation ('tmp_2_i', src/Envelope.cpp:35) [49]  (6.08 ns)

 <State 22>: 6.08ns
The critical path consists of the following:
	'fdiv' operation ('tmp_2_i', src/Envelope.cpp:35) [49]  (6.08 ns)
	'store' operation (src/Envelope.cpp:35) of variable 'tmp_2_i', src/Envelope.cpp:35 on static variable 'attackSlope' [50]  (0 ns)

 <State 23>: 6.41ns
The critical path consists of the following:
	'sitofp' operation ('tmp_5_i', src/Envelope.cpp:36) [58]  (6.41 ns)

 <State 24>: 6.41ns
The critical path consists of the following:
	'sitofp' operation ('tmp_5_i', src/Envelope.cpp:36) [58]  (6.41 ns)

 <State 25>: 6.41ns
The critical path consists of the following:
	'sitofp' operation ('tmp_5_i', src/Envelope.cpp:36) [58]  (6.41 ns)

 <State 26>: 6.41ns
The critical path consists of the following:
	'sitofp' operation ('tmp_5_i', src/Envelope.cpp:36) [58]  (6.41 ns)

 <State 27>: 6.41ns
The critical path consists of the following:
	'sitofp' operation ('tmp_5_i', src/Envelope.cpp:36) [58]  (6.41 ns)

 <State 28>: 6.41ns
The critical path consists of the following:
	'sitofp' operation ('tmp_5_i', src/Envelope.cpp:36) [58]  (6.41 ns)

 <State 29>: 6.08ns
The critical path consists of the following:
	'fdiv' operation ('tmp_8_i', src/Envelope.cpp:36) [61]  (6.08 ns)

 <State 30>: 6.08ns
The critical path consists of the following:
	'fdiv' operation ('tmp_8_i', src/Envelope.cpp:36) [61]  (6.08 ns)

 <State 31>: 6.08ns
The critical path consists of the following:
	'fdiv' operation ('tmp_8_i', src/Envelope.cpp:36) [61]  (6.08 ns)

 <State 32>: 6.08ns
The critical path consists of the following:
	'fdiv' operation ('tmp_8_i', src/Envelope.cpp:36) [61]  (6.08 ns)

 <State 33>: 6.08ns
The critical path consists of the following:
	'fdiv' operation ('tmp_8_i', src/Envelope.cpp:36) [61]  (6.08 ns)

 <State 34>: 6.08ns
The critical path consists of the following:
	'fdiv' operation ('tmp_8_i', src/Envelope.cpp:36) [61]  (6.08 ns)

 <State 35>: 6.08ns
The critical path consists of the following:
	'fdiv' operation ('tmp_8_i', src/Envelope.cpp:36) [61]  (6.08 ns)

 <State 36>: 6.08ns
The critical path consists of the following:
	'fdiv' operation ('tmp_8_i', src/Envelope.cpp:36) [61]  (6.08 ns)

 <State 37>: 6.08ns
The critical path consists of the following:
	'fdiv' operation ('tmp_8_i', src/Envelope.cpp:36) [61]  (6.08 ns)

 <State 38>: 6.08ns
The critical path consists of the following:
	'fdiv' operation ('tmp_8_i', src/Envelope.cpp:36) [61]  (6.08 ns)

 <State 39>: 6.08ns
The critical path consists of the following:
	'fdiv' operation ('tmp_8_i', src/Envelope.cpp:36) [61]  (6.08 ns)

 <State 40>: 6.08ns
The critical path consists of the following:
	'fdiv' operation ('tmp_8_i', src/Envelope.cpp:36) [61]  (6.08 ns)

 <State 41>: 6.08ns
The critical path consists of the following:
	'fdiv' operation ('tmp_8_i', src/Envelope.cpp:36) [61]  (6.08 ns)

 <State 42>: 6.08ns
The critical path consists of the following:
	'fdiv' operation ('tmp_8_i', src/Envelope.cpp:36) [61]  (6.08 ns)

 <State 43>: 6.08ns
The critical path consists of the following:
	'fdiv' operation ('tmp_8_i', src/Envelope.cpp:36) [61]  (6.08 ns)

 <State 44>: 6.08ns
The critical path consists of the following:
	'fdiv' operation ('tmp_8_i', src/Envelope.cpp:36) [61]  (6.08 ns)

 <State 45>: 6.41ns
The critical path consists of the following:
	'sitofp' operation ('tmp_10_i', src/Envelope.cpp:37) [70]  (6.41 ns)

 <State 46>: 6.41ns
The critical path consists of the following:
	'sitofp' operation ('tmp_10_i', src/Envelope.cpp:37) [70]  (6.41 ns)

 <State 47>: 6.41ns
The critical path consists of the following:
	'sitofp' operation ('tmp_10_i', src/Envelope.cpp:37) [70]  (6.41 ns)

 <State 48>: 6.41ns
The critical path consists of the following:
	'sitofp' operation ('tmp_10_i', src/Envelope.cpp:37) [70]  (6.41 ns)

 <State 49>: 6.41ns
The critical path consists of the following:
	'sitofp' operation ('tmp_10_i', src/Envelope.cpp:37) [70]  (6.41 ns)

 <State 50>: 6.41ns
The critical path consists of the following:
	'sitofp' operation ('tmp_10_i', src/Envelope.cpp:37) [70]  (6.41 ns)

 <State 51>: 6.08ns
The critical path consists of the following:
	'fdiv' operation ('tmp_13_i', src/Envelope.cpp:37) [73]  (6.08 ns)

 <State 52>: 6.08ns
The critical path consists of the following:
	'fdiv' operation ('tmp_13_i', src/Envelope.cpp:37) [73]  (6.08 ns)

 <State 53>: 6.08ns
The critical path consists of the following:
	'fdiv' operation ('tmp_13_i', src/Envelope.cpp:37) [73]  (6.08 ns)

 <State 54>: 6.08ns
The critical path consists of the following:
	'fdiv' operation ('tmp_13_i', src/Envelope.cpp:37) [73]  (6.08 ns)

 <State 55>: 6.08ns
The critical path consists of the following:
	'fdiv' operation ('tmp_13_i', src/Envelope.cpp:37) [73]  (6.08 ns)

 <State 56>: 6.08ns
The critical path consists of the following:
	'fdiv' operation ('tmp_13_i', src/Envelope.cpp:37) [73]  (6.08 ns)

 <State 57>: 6.08ns
The critical path consists of the following:
	'fdiv' operation ('tmp_13_i', src/Envelope.cpp:37) [73]  (6.08 ns)

 <State 58>: 6.08ns
The critical path consists of the following:
	'fdiv' operation ('tmp_13_i', src/Envelope.cpp:37) [73]  (6.08 ns)

 <State 59>: 6.08ns
The critical path consists of the following:
	'fdiv' operation ('tmp_13_i', src/Envelope.cpp:37) [73]  (6.08 ns)

 <State 60>: 6.08ns
The critical path consists of the following:
	'fdiv' operation ('tmp_13_i', src/Envelope.cpp:37) [73]  (6.08 ns)

 <State 61>: 6.08ns
The critical path consists of the following:
	'fdiv' operation ('tmp_13_i', src/Envelope.cpp:37) [73]  (6.08 ns)

 <State 62>: 6.08ns
The critical path consists of the following:
	'fdiv' operation ('tmp_13_i', src/Envelope.cpp:37) [73]  (6.08 ns)

 <State 63>: 6.08ns
The critical path consists of the following:
	'fdiv' operation ('tmp_13_i', src/Envelope.cpp:37) [73]  (6.08 ns)

 <State 64>: 6.08ns
The critical path consists of the following:
	'fdiv' operation ('tmp_13_i', src/Envelope.cpp:37) [73]  (6.08 ns)

 <State 65>: 6.08ns
The critical path consists of the following:
	'fdiv' operation ('tmp_13_i', src/Envelope.cpp:37) [73]  (6.08 ns)

 <State 66>: 6.08ns
The critical path consists of the following:
	'fdiv' operation ('tmp_13_i', src/Envelope.cpp:37) [73]  (6.08 ns)

 <State 67>: 7.4ns
The critical path consists of the following:
	'load' operation ('time_load', src/Envelope.cpp:50) on static variable 'time_r' [100]  (0 ns)
	'icmp' operation ('tmp_6', src/Envelope.cpp:50) [101]  (3.26 ns)
	'and' operation ('or_cond_2', src/Envelope.cpp:50) [102]  (2.07 ns)
	'or' operation ('releaseTime_flag_1', src/Envelope.cpp:50) [105]  (2.07 ns)

 <State 68>: 7.4ns
The critical path consists of the following:
	'icmp' operation ('tmp_14', src/Envelope.cpp:67) [136]  (3.26 ns)
	'or' operation ('sel_tmp13_demorgan', src/Envelope.cpp:59) [152]  (2.07 ns)
	'or' operation ('not_sel_tmp', src/Envelope.cpp:59) [154]  (0 ns)
	'and' operation ('tmp1', src/Envelope.cpp:59) [155]  (0 ns)
	'and' operation ('sel_tmp8', src/Envelope.cpp:59) [156]  (2.07 ns)

 <State 69>: 6.41ns
The critical path consists of the following:
	'sitofp' operation ('tmp_11', src/Envelope.cpp:64) [132]  (6.41 ns)

 <State 70>: 6.41ns
The critical path consists of the following:
	'sitofp' operation ('tmp_11', src/Envelope.cpp:64) [132]  (6.41 ns)

 <State 71>: 6.41ns
The critical path consists of the following:
	'sitofp' operation ('tmp_11', src/Envelope.cpp:64) [132]  (6.41 ns)

 <State 72>: 6.41ns
The critical path consists of the following:
	'sitofp' operation ('tmp_11', src/Envelope.cpp:64) [132]  (6.41 ns)

 <State 73>: 6.41ns
The critical path consists of the following:
	'sitofp' operation ('tmp_11', src/Envelope.cpp:64) [132]  (6.41 ns)

 <State 74>: 6.41ns
The critical path consists of the following:
	'sitofp' operation ('tmp_2', src/Envelope.cpp:60) [126]  (6.41 ns)

 <State 75>: 6.41ns
The critical path consists of the following:
	'sitofp' operation ('tmp_2', src/Envelope.cpp:60) [126]  (6.41 ns)

 <State 76>: 6.41ns
The critical path consists of the following:
	'sitofp' operation ('tmp_2', src/Envelope.cpp:60) [126]  (6.41 ns)

 <State 77>: 6.41ns
The critical path consists of the following:
	'sitofp' operation ('tmp_2', src/Envelope.cpp:60) [126]  (6.41 ns)

 <State 78>: 6.41ns
The critical path consists of the following:
	'sitofp' operation ('tmp_2', src/Envelope.cpp:60) [126]  (6.41 ns)

 <State 79>: 7.26ns
The critical path consists of the following:
	'fadd' operation ('tmp_13', src/Envelope.cpp:64) [134]  (7.26 ns)

 <State 80>: 7.26ns
The critical path consists of the following:
	'fadd' operation ('tmp_13', src/Envelope.cpp:64) [134]  (7.26 ns)

 <State 81>: 7.26ns
The critical path consists of the following:
	'fadd' operation ('tmp_13', src/Envelope.cpp:64) [134]  (7.26 ns)

 <State 82>: 7.26ns
The critical path consists of the following:
	'fadd' operation ('tmp_13', src/Envelope.cpp:64) [134]  (7.26 ns)

 <State 83>: 7.26ns
The critical path consists of the following:
	'fadd' operation ('tmp_13', src/Envelope.cpp:64) [134]  (7.26 ns)

 <State 84>: 5.7ns
The critical path consists of the following:
	'fmul' operation ('resultAmplitude', src/Envelope.cpp:60) [128]  (5.7 ns)

 <State 85>: 5.7ns
The critical path consists of the following:
	'fmul' operation ('resultAmplitude', src/Envelope.cpp:60) [128]  (5.7 ns)

 <State 86>: 5.7ns
The critical path consists of the following:
	'fmul' operation ('resultAmplitude', src/Envelope.cpp:60) [128]  (5.7 ns)

 <State 87>: 7.77ns
The critical path consists of the following:
	'fmul' operation ('resultAmplitude', src/Envelope.cpp:60) [128]  (5.7 ns)
	'select' operation ('resultAmplitude', src/Envelope.cpp:82) [166]  (0 ns)
	'select' operation ('resultAmplitude', src/Envelope.cpp:82) [167]  (0 ns)
	'select' operation ('resultAmplitude', src/Envelope.cpp:82) [168]  (2.07 ns)

 <State 88>: 2.07ns
The critical path consists of the following:
	'select' operation ('resultAmplitude', src/Envelope.cpp:82) [169]  (2.07 ns)

 <State 89>: 0ns
The critical path consists of the following:


============================================================
+ Verbose Summary: Binding
============================================================
N/A
* FSMD analyzer results:
  - Output states:
 - Input state : 
  - Chain level:
	State 1
	State 2
	State 3
	State 4
	State 5
	State 6
	State 7
	State 8
	State 9
	State 10
	State 11
	State 12
	State 13
	State 14
	State 15
	State 16
	State 17
	State 18
	State 19
	State 20
	State 21
	State 22
	State 23
	State 24
	State 25
	State 26
	State 27
	State 28
	State 29
	State 30
	State 31
	State 32
	State 33
	State 34
	State 35
	State 36
	State 37
	State 38
	State 39
	State 40
	State 41
	State 42
	State 43
	State 44
	State 45
	State 46
	State 47
	State 48
	State 49
	State 50
	State 51
	State 52
	State 53
	State 54
	State 55
	State 56
	State 57
	State 58
	State 59
	State 60
	State 61
	State 62
	State 63
	State 64
	State 65
	State 66
	State 67
	State 68
	State 69
	State 70
	State 71
	State 72
	State 73
	State 74
	State 75
	State 76
	State 77
	State 78
	State 79
	State 80
	State 81
	State 82
	State 83
	State 84
	State 85
	State 86
	State 87
	State 88
	State 89


============================================================
+ Verbose Summary: Datapath Resource usage 
============================================================
N/A
