

================================================================
== Vivado HLS Report for 'envelope'
================================================================
* Date:           Mon Apr 29 11:14:19 2019

* Version:        2017.2 (Build 1909853 on Thu Jun 15 18:55:24 MDT 2017)
* Project:        Envelope_RTL
* Solution:       solution1
* Product family: zynq
* Target device:  xc7z100ffg900-1


================================================================
== Performance Estimates
================================================================
+ Timing (ns): 
    * Summary: 
    +--------+-------+----------+------------+
    |  Clock | Target| Estimated| Uncertainty|
    +--------+-------+----------+------------+
    |ap_clk  |  10.00|      8.23|        1.25|
    +--------+-------+----------+------------+

+ Latency (clock cycles): 
    * Summary: 
    +-----+-----+-----+-----+---------+
    |  Latency  |  Interval | Pipeline|
    | min | max | min | max |   Type  |
    +-----+-----+-----+-----+---------+
    |   27|   89|   28|   90|   none  |
    +-----+-----+-----+-----+---------+

    + Detail: 
        * Instance: 
        N/A

        * Loop: 
        N/A



================================================================
== Utilization Estimates
================================================================
* Summary: 
+-----------------+---------+-------+--------+--------+
|       Name      | BRAM_18K| DSP48E|   FF   |   LUT  |
+-----------------+---------+-------+--------+--------+
|DSP              |        -|      -|       -|       -|
|Expression       |        -|      -|     808|     876|
|FIFO             |        -|      -|       -|       -|
|Instance         |        0|      5|    1735|    2858|
|Memory           |        -|      -|       -|       -|
|Multiplexer      |        -|      -|       -|     696|
|Register         |        -|      -|    1049|       -|
+-----------------+---------+-------+--------+--------+
|Total            |        0|      5|    3592|    4430|
+-----------------+---------+-------+--------+--------+
|Available        |     1510|   2020|  554800|  277400|
+-----------------+---------+-------+--------+--------+
|Utilization (%)  |        0|   ~0  |   ~0   |       1|
+-----------------+---------+-------+--------+--------+

+ Detail: 
    * Instance: 
    +---------------------------+-------------------------+---------+-------+-----+-----+
    |          Instance         |          Module         | BRAM_18K| DSP48E|  FF | LUT |
    +---------------------------+-------------------------+---------+-------+-----+-----+
    |envelope_CTRL_BUS_s_axi_U  |envelope_CTRL_BUS_s_axi  |        0|      0|  220|  360|
    |envelope_fadd_32nbkb_U1    |envelope_fadd_32nbkb     |        0|      2|  205|  390|
    |envelope_fcmp_32nfYi_U5    |envelope_fcmp_32nfYi     |        0|      0|   66|  239|
    |envelope_fdiv_32ndEe_U3    |envelope_fdiv_32ndEe     |        0|      0|  761|  994|
    |envelope_fmul_32ncud_U2    |envelope_fmul_32ncud     |        0|      3|  143|  321|
    |envelope_sitofp_3eOg_U4    |envelope_sitofp_3eOg     |        0|      0|  340|  554|
    +---------------------------+-------------------------+---------+-------+-----+-----+
    |Total                      |                         |        0|      5| 1735| 2858|
    +---------------------------+-------------------------+---------+-------+-----+-----+

    * DSP48: 
    N/A

    * Memory: 
    N/A

    * FIFO: 
    N/A

    * Expression: 
    +--------------------------------+----------+-------+-----+----+------------+------------+
    |          Variable Name         | Operation| DSP48E|  FF | LUT| Bitwidth P0| Bitwidth P1|
    +--------------------------------+----------+-------+-----+----+------------+------------+
    |grp_fu_203_p2                   |     +    |      0|  101|  37|          32|           1|
    |tmp_24_fu_609_p2                |     +    |      0|  101|  37|          32|           1|
    |tmp_6_fu_387_p2                 |     +    |      0|  101|  37|          32|           1|
    |tmp_7_fu_393_p2                 |     +    |      0|  101|  37|          32|           1|
    |tmp_10_i_fu_266_p2              |     -    |      0|  101|  37|          32|          32|
    |tmp_14_fu_509_p2                |     -    |      0|  101|  37|          32|          32|
    |tmp_20_fu_517_p2                |     -    |      0|  101|  37|          32|          32|
    |tmp_6_i_fu_246_p2               |     -    |      0|  101|  37|          32|          32|
    |sel_tmp2_fu_526_p2              |    and   |      0|    0|   2|           1|           1|
    |sel_tmp3_fu_588_p2              |    and   |      0|    0|   2|           1|           1|
    |sel_tmp5_fu_600_p2              |    and   |      0|    0|   2|           1|           1|
    |sel_tmp8_fu_576_p2              |    and   |      0|    0|   2|           1|           1|
    |tmp2_fu_570_p2                  |    and   |      0|    0|   2|           1|           1|
    |tmp_9_fu_331_p2                 |    and   |      0|    0|   2|           1|           1|
    |wave_in_V_0_load_A              |    and   |      0|    0|   2|           1|           1|
    |wave_in_V_0_load_B              |    and   |      0|    0|   2|           1|           1|
    |wave_out_V_1_load_A             |    and   |      0|    0|   2|           1|           1|
    |wave_out_V_1_load_B             |    and   |      0|    0|   2|           1|           1|
    |notlhs_fu_313_p2                |   icmp   |      0|    0|   4|           8|           2|
    |notrhs_fu_319_p2                |   icmp   |      0|    0|  13|          23|           1|
    |tmp_10_fu_481_p2                |   icmp   |      0|    0|  16|          32|          32|
    |tmp_13_fu_498_p2                |   icmp   |      0|    0|  16|          32|          32|
    |tmp_18_fu_513_p2                |   icmp   |      0|    0|  16|          32|          32|
    |tmp_19_fu_503_p2                |   icmp   |      0|    0|  16|          32|          32|
    |tmp_5_fu_372_p2                 |   icmp   |      0|    0|  16|          32|           1|
    |wave_in_V_0_state_cmp_full      |   icmp   |      0|    0|   1|           2|           1|
    |wave_out_V_1_state_cmp_full     |   icmp   |      0|    0|   1|           2|           1|
    |not_sel_tmp7_fu_547_p2          |    or    |      0|    0|   2|           1|           1|
    |not_sel_tmp_fu_564_p2           |    or    |      0|    0|   2|           1|           1|
    |or_cond1_fu_639_p2              |    or    |      0|    0|   2|           1|           1|
    |or_cond2_fu_643_p2              |    or    |      0|    0|   2|           1|           1|
    |or_cond_fu_635_p2               |    or    |      0|    0|   2|           1|           1|
    |releaseTime_flag_1_s_fu_439_p2  |    or    |      0|    0|   2|           1|           1|
    |sel_tmp13_demorgan_fu_553_p2    |    or    |      0|    0|   2|           1|           1|
    |sel_tmp6_demorgan_fu_537_p2     |    or    |      0|    0|   2|           1|           1|
    |sustainTime_flag_1_s_fu_459_p2  |    or    |      0|    0|   2|           1|           1|
    |tmp1_fu_434_p2                  |    or    |      0|    0|   2|           1|           1|
    |tmp_3_fu_325_p2                 |    or    |      0|    0|   2|           1|           1|
    |tmp_8_fu_425_p2                 |    or    |      0|    0|   2|           1|           1|
    |wait_flag_1_fu_605_p2           |    or    |      0|    0|   2|           1|           1|
    |releaseTime_loc_1_fu_405_p3     |  select  |      0|    0|  32|           1|          32|
    |releaseTime_loc_1_re_fu_452_p3  |  select  |      0|    0|  32|           1|          32|
    |releaseTime_new_1_fu_399_p3     |  select  |      0|    0|  32|           1|          32|
    |releaseTime_new_1_re_fu_445_p3  |  select  |      0|    0|  32|           1|          32|
    |resultAmplitude_5_fu_655_p3     |  select  |      0|    0|  32|           1|          32|
    |resultAmplitude_6_fu_662_p3     |  select  |      0|    0|  32|           1|          32|
    |resultAmplitude_7_fu_669_p3     |  select  |      0|    0|  32|           1|          32|
    |resultAmplitude_fu_676_p3       |  select  |      0|    0|  32|           1|          32|
    |sustainAmplitude_ass_fu_336_p3  |  select  |      0|    0|  32|           1|          30|
    |sustainTime_new_1_fu_412_p3     |  select  |      0|    0|  32|           1|          32|
    |sustainTime_new_1_tm_fu_465_p3  |  select  |      0|    0|  32|           1|          32|
    |time_load_s_fu_473_p3           |  select  |      0|    0|  32|           1|          32|
    |not_or_cond_fu_649_p2           |    xor   |      0|    0|   2|           1|           2|
    |not_tmp_5_fu_377_p2             |    xor   |      0|    0|   2|           1|           2|
    |not_tmp_s_fu_521_p2             |    xor   |      0|    0|   2|           1|           2|
    |sel_tmp1_fu_582_p2              |    xor   |      0|    0|   2|           1|           2|
    |sel_tmp4_fu_594_p2              |    xor   |      0|    0|   2|           1|           2|
    |sel_tmp_fu_531_p2               |    xor   |      0|    0|   2|           1|           1|
    |tmp_19_not_fu_541_p2            |    xor   |      0|    0|   2|           1|           2|
    |tmp_20_not_fu_559_p2            |    xor   |      0|    0|   2|           1|           2|
    |tmp_i_neg_fu_279_p2             |    xor   |      0|    0|  33|          32|          33|
    |tmp_s_fu_419_p2                 |    xor   |      0|    0|   2|           1|           2|
    +--------------------------------+----------+-------+-----+----+------------+------------+
    |Total                           |          |      0|  808| 876|         527|         721|
    +--------------------------------+----------+-------+-----+----+------------+------------+

    * Multiplexer: 
    +-------------------------+-----+-----------+-----+-----------+
    |           Name          | LUT | Input Size| Bits| Total Bits|
    +-------------------------+-----+-----------+-----+-----------+
    |ap_NS_fsm                |  461|         91|    1|         91|
    |grp_fu_179_p0            |   15|          3|   32|         96|
    |grp_fu_179_p1            |   21|          4|   32|        128|
    |grp_fu_185_p0            |   27|          5|   32|        160|
    |grp_fu_185_p1            |   27|          5|   32|        160|
    |grp_fu_189_p0            |   21|          4|   32|        128|
    |grp_fu_194_p0            |   40|          7|   32|        224|
    |releaseTime_loc_reg_147  |    9|          2|   32|         64|
    |sustainTime_loc_reg_170  |    9|          2|   32|         64|
    |wave_in_V_0_data_out     |    9|          2|   32|         64|
    |wave_in_V_0_state        |   15|          3|    2|          6|
    |wave_in_V_TDATA_blk_n    |    9|          2|    1|          2|
    |wave_out_V_1_data_out    |    9|          2|   32|         64|
    |wave_out_V_1_state       |   15|          3|    2|          6|
    |wave_out_V_TDATA_blk_n   |    9|          2|    1|          2|
    +-------------------------+-----+-----------+-----+-----------+
    |Total                    |  696|        137|  327|       1259|
    +-------------------------+-----+-----------+-----+-----------+

    * Register: 
    +--------------------------------+----+----+-----+-----------+
    |              Name              | FF | LUT| Bits| Const Bits|
    +--------------------------------+----+----+-----+-----------+
    |ap_CS_fsm                       |  90|   0|   90|          0|
    |attackDuration_read_reg_714     |  32|   0|   32|          0|
    |attackSlope                     |  32|   0|   32|          0|
    |decayDuration_read_reg_706      |  32|   0|   32|          0|
    |decaySlope                      |  32|   0|   32|          0|
    |guard_variable_for_e            |   1|   0|    1|          0|
    |guard_variable_for_e_1          |   1|   0|    1|          0|
    |guard_variable_for_e_1_reg_731  |   1|   0|    1|          0|
    |guard_variable_for_e_2          |   1|   0|    1|          0|
    |guard_variable_for_e_2_reg_740  |   1|   0|    1|          0|
    |guard_variable_for_e_3          |   1|   0|    1|          0|
    |guard_variable_for_e_4          |   1|   0|    1|          0|
    |guard_variable_for_e_reg_727    |   1|   0|    1|          0|
    |not_or_cond_reg_893             |   1|   0|    1|          0|
    |not_tmp_5_reg_788               |   1|   0|    1|          0|
    |press_read_reg_722              |  32|   0|   32|          0|
    |reg_208                         |  32|   0|   32|          0|
    |reg_214                         |  32|   0|   32|          0|
    |reg_220                         |  32|   0|   32|          0|
    |releaseDuration_read_reg_688    |  32|   0|   32|          0|
    |releaseSlope                    |  32|   0|   32|          0|
    |releaseTime                     |  32|   0|   32|          0|
    |releaseTime_flag_reg_135        |   1|   0|    1|          0|
    |releaseTime_loc_reg_147         |  32|   0|   32|          0|
    |resultAmplitude_7_reg_898       |  32|   0|   32|          0|
    |sel_tmp2_reg_851                |   1|   0|    1|          0|
    |sel_tmp3_reg_862                |   1|   0|    1|          0|
    |sel_tmp5_reg_868                |   1|   0|    1|          0|
    |sel_tmp8_reg_857                |   1|   0|    1|          0|
    |sustainAmplitude_ass_reg_759    |  32|   0|   32|          0|
    |sustainAmplitude_rea_reg_697    |  32|   0|   32|          0|
    |sustainTime                     |  32|   0|   32|          0|
    |sustainTime_flag_reg_157        |   1|   0|    1|          0|
    |sustainTime_loc_reg_170         |  32|   0|   32|          0|
    |sustainTime_new_1_tm_reg_806    |  32|   0|   32|          0|
    |time_load_s_reg_812             |  32|   0|   32|          0|
    |time_r                          |  32|   0|   32|          0|
    |tmp_10_i_reg_744                |  32|   0|   32|          0|
    |tmp_10_reg_821                  |   1|   0|    1|          0|
    |tmp_13_reg_829                  |   1|   0|    1|          0|
    |tmp_14_reg_841                  |  32|   0|   32|          0|
    |tmp_19_reg_835                  |   1|   0|    1|          0|
    |tmp_20_reg_846                  |  32|   0|   32|          0|
    |tmp_26_reg_795                  |  32|   0|   32|          0|
    |tmp_4_reg_754                   |   1|   0|    1|          0|
    |tmp_5_reg_781                   |   1|   0|    1|          0|
    |tmp_6_i_reg_735                 |  32|   0|   32|          0|
    |wait_flag_1_reg_874             |   1|   0|    1|          0|
    |wait_r                          |   1|   0|    1|          0|
    |wave_in_V_0_payload_A           |  32|   0|   32|          0|
    |wave_in_V_0_payload_B           |  32|   0|   32|          0|
    |wave_in_V_0_sel_rd              |   1|   0|    1|          0|
    |wave_in_V_0_sel_wr              |   1|   0|    1|          0|
    |wave_in_V_0_state               |   2|   0|    2|          0|
    |wave_out_V_1_payload_A          |  32|   0|   32|          0|
    |wave_out_V_1_payload_B          |  32|   0|   32|          0|
    |wave_out_V_1_sel_rd             |   1|   0|    1|          0|
    |wave_out_V_1_sel_wr             |   1|   0|    1|          0|
    |wave_out_V_1_state              |   2|   0|    2|          0|
    +--------------------------------+----+----+-----+-----------+
    |Total                           |1049|   0| 1049|          0|
    +--------------------------------+----+----+-----+-----------+



================================================================
== Interface
================================================================
* Summary: 
+------------------------+-----+-----+--------------+--------------+--------------+
|        RTL Ports       | Dir | Bits|   Protocol   | Source Object|    C Type    |
+------------------------+-----+-----+--------------+--------------+--------------+
|s_axi_CTRL_BUS_AWVALID  |  in |    1|     s_axi    |   CTRL_BUS   |    scalar    |
|s_axi_CTRL_BUS_AWREADY  | out |    1|     s_axi    |   CTRL_BUS   |    scalar    |
|s_axi_CTRL_BUS_AWADDR   |  in |    6|     s_axi    |   CTRL_BUS   |    scalar    |
|s_axi_CTRL_BUS_WVALID   |  in |    1|     s_axi    |   CTRL_BUS   |    scalar    |
|s_axi_CTRL_BUS_WREADY   | out |    1|     s_axi    |   CTRL_BUS   |    scalar    |
|s_axi_CTRL_BUS_WDATA    |  in |   32|     s_axi    |   CTRL_BUS   |    scalar    |
|s_axi_CTRL_BUS_WSTRB    |  in |    4|     s_axi    |   CTRL_BUS   |    scalar    |
|s_axi_CTRL_BUS_ARVALID  |  in |    1|     s_axi    |   CTRL_BUS   |    scalar    |
|s_axi_CTRL_BUS_ARREADY  | out |    1|     s_axi    |   CTRL_BUS   |    scalar    |
|s_axi_CTRL_BUS_ARADDR   |  in |    6|     s_axi    |   CTRL_BUS   |    scalar    |
|s_axi_CTRL_BUS_RVALID   | out |    1|     s_axi    |   CTRL_BUS   |    scalar    |
|s_axi_CTRL_BUS_RREADY   |  in |    1|     s_axi    |   CTRL_BUS   |    scalar    |
|s_axi_CTRL_BUS_RDATA    | out |   32|     s_axi    |   CTRL_BUS   |    scalar    |
|s_axi_CTRL_BUS_RRESP    | out |    2|     s_axi    |   CTRL_BUS   |    scalar    |
|s_axi_CTRL_BUS_BVALID   | out |    1|     s_axi    |   CTRL_BUS   |    scalar    |
|s_axi_CTRL_BUS_BREADY   |  in |    1|     s_axi    |   CTRL_BUS   |    scalar    |
|s_axi_CTRL_BUS_BRESP    | out |    2|     s_axi    |   CTRL_BUS   |    scalar    |
|ap_clk                  |  in |    1| ap_ctrl_none |   envelope   | return value |
|ap_rst_n                |  in |    1| ap_ctrl_none |   envelope   | return value |
|wave_in_V_TDATA         |  in |   32|     axis     |   wave_in_V  |    pointer   |
|wave_in_V_TVALID        |  in |    1|     axis     |   wave_in_V  |    pointer   |
|wave_in_V_TREADY        | out |    1|     axis     |   wave_in_V  |    pointer   |
|wave_out_V_TDATA        | out |   32|     axis     |  wave_out_V  |    pointer   |
|wave_out_V_TVALID       | out |    1|     axis     |  wave_out_V  |    pointer   |
|wave_out_V_TREADY       |  in |    1|     axis     |  wave_out_V  |    pointer   |
+------------------------+-----+-----+--------------+--------------+--------------+

